[2024-01-25 05:48:50] local.ERROR: Illuminate\Session\Middleware\StartSession::addCookieToResponse(): Argument #1 ($response) must be of type Symfony\Component\HttpFoundation\Response, null given, called in /home/infinitewellness/public_html/app.infinitewellnesspk.com/vendor/laravel/framework/src/Illuminate/Session/Middleware/StartSession.php on line 125 {"exception":"[object] (TypeError(code: 0): Illuminate\\Session\\Middleware\\StartSession::addCookieToResponse(): Argument #1 ($response) must be of type Symfony\\Component\\HttpFoundation\\Response, null given, called in /home/infinitewellness/public_html/app.infinitewellnesspk.com/vendor/laravel/framework/src/Illuminate/Session/Middleware/StartSession.php on line 125 at /home/infinitewellness/public_html/app.infinitewellnesspk.com/vendor/laravel/framework/src/Illuminate/Session/Middleware/StartSession.php:218)
[stacktrace]
#0 /home/infinitewellness/public_html/app.infinitewellnesspk.com/vendor/laravel/framework/src/Illuminate/Session/Middleware/StartSession.php(125): Illuminate\\Session\\Middleware\\StartSession->addCookieToResponse(NULL, Object(Illuminate\\Session\\Store))
#1 /home/infinitewellness/public_html/app.infinitewellnesspk.com/vendor/laravel/framework/src/Illuminate/Session/Middleware/StartSession.php(64): Illuminate\\Session\\Middleware\\StartSession->handleStatefulRequest(Object(Illuminate\\Http\\Request), Object(Illuminate\\Session\\Store), Object(Closure))
#2 /home/infinitewellness/public_html/app.infinitewellnesspk.com/vendor/laravel/framework/src/Illuminate/Pipeline/Pipeline.php(180): Illuminate\\Session\\Middleware\\StartSession->handle(Object(Illuminate\\Http\\Request), Object(Closure))
#3 /home/infinitewellness/public_html/app.infinitewellnesspk.com/vendor/laravel/framework/src/Illuminate/Cookie/Middleware/AddQueuedCookiesToResponse.php(37): Illuminate\\Pipeline\\Pipeline->Illuminate\\Pipeline\\{closure}(Object(Illuminate\\Http\\Request))
#4 /home/infinitewellness/public_html/app.infinitewellnesspk.com/vendor/laravel/framework/src/Illuminate/Pipeline/Pipeline.php(180): Illuminate\\Cookie\\Middleware\\AddQueuedCookiesToResponse->handle(Object(Illuminate\\Http\\Request), Object(Closure))
#5 /home/infinitewellness/public_html/app.infinitewellnesspk.com/vendor/laravel/framework/src/Illuminate/Cookie/Middleware/EncryptCookies.php(67): Illuminate\\Pipeline\\Pipeline->Illuminate\\Pipeline\\{closure}(Object(Illuminate\\Http\\Request))
#6 /home/infinitewellness/public_html/app.infinitewellnesspk.com/vendor/laravel/framework/src/Illuminate/Pipeline/Pipeline.php(180): Illuminate\\Cookie\\Middleware\\EncryptCookies->handle(Object(Illuminate\\Http\\Request), Object(Closure))
#7 /home/infinitewellness/public_html/app.infinitewellnesspk.com/vendor/laravel/framework/src/Illuminate/Pipeline/Pipeline.php(116): Illuminate\\Pipeline\\Pipeline->Illuminate\\Pipeline\\{closure}(Object(Illuminate\\Http\\Request))
#8 /home/infinitewellness/public_html/app.infinitewellnesspk.com/vendor/laravel/framework/src/Illuminate/Routing/Router.php(799): Illuminate\\Pipeline\\Pipeline->then(Object(Closure))
#9 /home/infinitewellness/public_html/app.infinitewellnesspk.com/vendor/laravel/framework/src/Illuminate/Routing/Router.php(776): Illuminate\\Routing\\Router->runRouteWithinStack(Object(Illuminate\\Routing\\Route), Object(Illuminate\\Http\\Request))
#10 /home/infinitewellness/public_html/app.infinitewellnesspk.com/vendor/laravel/framework/src/Illuminate/Routing/Router.php(740): Illuminate\\Routing\\Router->runRoute(Object(Illuminate\\Http\\Request), Object(Illuminate\\Routing\\Route))
#11 /home/infinitewellness/public_html/app.infinitewellnesspk.com/vendor/laravel/framework/src/Illuminate/Routing/Router.php(729): Illuminate\\Routing\\Router->dispatchToRoute(Object(Illuminate\\Http\\Request))
#12 /home/infinitewellness/public_html/app.infinitewellnesspk.com/vendor/laravel/framework/src/Illuminate/Foundation/Http/Kernel.php(190): Illuminate\\Routing\\Router->dispatch(Object(Illuminate\\Http\\Request))
#13 /home/infinitewellness/public_html/app.infinitewellnesspk.com/vendor/laravel/framework/src/Illuminate/Pipeline/Pipeline.php(141): Illuminate\\Foundation\\Http\\Kernel->Illuminate\\Foundation\\Http\\{closure}(Object(Illuminate\\Http\\Request))
#14 /home/infinitewellness/public_html/app.infinitewellnesspk.com/vendor/livewire/livewire/src/DisableBrowserCache.php(19): Illuminate\\Pipeline\\Pipeline->Illuminate\\Pipeline\\{closure}(Object(Illuminate\\Http\\Request))
#15 /home/infinitewellness/public_html/app.infinitewellnesspk.com/vendor/laravel/framework/src/Illuminate/Pipeline/Pipeline.php(180): Livewire\\DisableBrowserCache->handle(Object(Illuminate\\Http\\Request), Object(Closure))
#16 /home/infinitewellness/public_html/app.infinitewellnesspk.com/vendor/barryvdh/laravel-debugbar/src/Middleware/InjectDebugbar.php(59): Illuminate\\Pipeline\\Pipeline->Illuminate\\Pipeline\\{closure}(Object(Illuminate\\Http\\Request))
#17 /home/infinitewellness/public_html/app.infinitewellnesspk.com/vendor/laravel/framework/src/Illuminate/Pipeline/Pipeline.php(180): Barryvdh\\Debugbar\\Middleware\\InjectDebugbar->handle(Object(Illuminate\\Http\\Request), Object(Closure))
#18 /home/infinitewellness/public_html/app.infinitewellnesspk.com/vendor/fahlisaputra/laravel-minify/src/Middleware/Minifier.php(36): Illuminate\\Pipeline\\Pipeline->Illuminate\\Pipeline\\{closure}(Object(Illuminate\\Http\\Request))
#19 /home/infinitewellness/public_html/app.infinitewellnesspk.com/vendor/laravel/framework/src/Illuminate/Pipeline/Pipeline.php(180): Fahlisaputra\\Minify\\Middleware\\Minifier->handle(Object(Illuminate\\Http\\Request), Object(Closure))
#20 /home/infinitewellness/public_html/app.infinitewellnesspk.com/vendor/fahlisaputra/laravel-minify/src/Middleware/Minifier.php(36): Illuminate\\Pipeline\\Pipeline->Illuminate\\Pipeline\\{closure}(Object(Illuminate\\Http\\Request))
#21 /home/infinitewellness/public_html/app.infinitewellnesspk.com/vendor/laravel/framework/src/Illuminate/Pipeline/Pipeline.php(180): Fahlisaputra\\Minify\\Middleware\\Minifier->handle(Object(Illuminate\\Http\\Request), Object(Closure))
#22 /home/infinitewellness/public_html/app.infinitewellnesspk.com/vendor/fahlisaputra/laravel-minify/src/Middleware/Minifier.php(36): Illuminate\\Pipeline\\Pipeline->Illuminate\\Pipeline\\{closure}(Object(Illuminate\\Http\\Request))
#23 /home/infinitewellness/public_html/app.infinitewellnesspk.com/vendor/laravel/framework/src/Illuminate/Pipeline/Pipeline.php(180): Fahlisaputra\\Minify\\Middleware\\Minifier->handle(Object(Illuminate\\Http\\Request), Object(Closure))
#24 /home/infinitewellness/public_html/app.infinitewellnesspk.com/vendor/laravel/framework/src/Illuminate/Foundation/Http/Middleware/TransformsRequest.php(21): Illuminate\\Pipeline\\Pipeline->Illuminate\\Pipeline\\{closure}(Object(Illuminate\\Http\\Request))
#25 /home/infinitewellness/public_html/app.infinitewellnesspk.com/vendor/laravel/framework/src/Illuminate/Foundation/Http/Middleware/ConvertEmptyStringsToNull.php(31): Illuminate\\Foundation\\Http\\Middleware\\TransformsRequest->handle(Object(Illuminate\\Http\\Request), Object(Closure))
#26 /home/infinitewellness/public_html/app.infinitewellnesspk.com/vendor/laravel/framework/src/Illuminate/Pipeline/Pipeline.php(180): Illuminate\\Foundation\\Http\\Middleware\\ConvertEmptyStringsToNull->handle(Object(Illuminate\\Http\\Request), Object(Closure))
#27 /home/infinitewellness/public_html/app.infinitewellnesspk.com/vendor/laravel/framework/src/Illuminate/Foundation/Http/Middleware/TransformsRequest.php(21): Illuminate\\Pipeline\\Pipeline->Illuminate\\Pipeline\\{closure}(Object(Illuminate\\Http\\Request))
#28 /home/infinitewellness/public_html/app.infinitewellnesspk.com/vendor/laravel/framework/src/Illuminate/Foundation/Http/Middleware/TrimStrings.php(40): Illuminate\\Foundation\\Http\\Middleware\\TransformsRequest->handle(Object(Illuminate\\Http\\Request), Object(Closure))
#29 /home/infinitewellness/public_html/app.infinitewellnesspk.com/vendor/laravel/framework/src/Illuminate/Pipeline/Pipeline.php(180): Illuminate\\Foundation\\Http\\Middleware\\TrimStrings->handle(Object(Illuminate\\Http\\Request), Object(Closure))
#30 /home/infinitewellness/public_html/app.infinitewellnesspk.com/vendor/laravel/framework/src/Illuminate/Foundation/Http/Middleware/ValidatePostSize.php(27): Illuminate\\Pipeline\\Pipeline->Illuminate\\Pipeline\\{closure}(Object(Illuminate\\Http\\Request))
#31 /home/infinitewellness/public_html/app.infinitewellnesspk.com/vendor/laravel/framework/src/Illuminate/Pipeline/Pipeline.php(180): Illuminate\\Foundation\\Http\\Middleware\\ValidatePostSize->handle(Object(Illuminate\\Http\\Request), Object(Closure))
#32 /home/infinitewellness/public_html/app.infinitewellnesspk.com/vendor/laravel/framework/src/Illuminate/Foundation/Http/Middleware/PreventRequestsDuringMaintenance.php(86): Illuminate\\Pipeline\\Pipeline->Illuminate\\Pipeline\\{closure}(Object(Illuminate\\Http\\Request))
#33 /home/infinitewellness/public_html/app.infinitewellnesspk.com/vendor/laravel/framework/src/Illuminate/Pipeline/Pipeline.php(180): Illuminate\\Foundation\\Http\\Middleware\\PreventRequestsDuringMaintenance->handle(Object(Illuminate\\Http\\Request), Object(Closure))
#34 /home/infinitewellness/public_html/app.infinitewellnesspk.com/vendor/laravel/framework/src/Illuminate/Http/Middleware/TrustProxies.php(39): Illuminate\\Pipeline\\Pipeline->Illuminate\\Pipeline\\{closure}(Object(Illuminate\\Http\\Request))
#35 /home/infinitewellness/public_html/app.infinitewellnesspk.com/vendor/laravel/framework/src/Illuminate/Pipeline/Pipeline.php(180): Illuminate\\Http\\Middleware\\TrustProxies->handle(Object(Illuminate\\Http\\Request), Object(Closure))
#36 /home/infinitewellness/public_html/app.infinitewellnesspk.com/vendor/laravel/framework/src/Illuminate/Pipeline/Pipeline.php(116): Illuminate\\Pipeline\\Pipeline->Illuminate\\Pipeline\\{closure}(Object(Illuminate\\Http\\Request))
#37 /home/infinitewellness/public_html/app.infinitewellnesspk.com/vendor/laravel/framework/src/Illuminate/Foundation/Http/Kernel.php(165): Illuminate\\Pipeline\\Pipeline->then(Object(Closure))
#38 /home/infinitewellness/public_html/app.infinitewellnesspk.com/vendor/laravel/framework/src/Illuminate/Foundation/Http/Kernel.php(134): Illuminate\\Foundation\\Http\\Kernel->sendRequestThroughRouter(Object(Illuminate\\Http\\Request))
#39 /home/infinitewellness/public_html/app.infinitewellnesspk.com/public/index.php(52): Illuminate\\Foundation\\Http\\Kernel->handle(Object(Illuminate\\Http\\Request))
#40 /home/infinitewellness/public_html/app.infinitewellnesspk.com/server.php(19): require_once('/home/infinitew...')
#41 {main}
"} 
[2024-01-25 06:50:29] local.ERROR: Attempt to read property "original" on null {"exception":"[object] (ErrorException(code: 0): Attempt to read property \"original\" on null at /home/infinitewellness/public_html/app.infinitewellnesspk.com/vendor/fahlisaputra/laravel-minify/src/Middleware/Minifier.php:68)
[stacktrace]
#0 /home/infinitewellness/public_html/app.infinitewellnesspk.com/vendor/laravel/framework/src/Illuminate/Foundation/Bootstrap/HandleExceptions.php(270): Illuminate\\Foundation\\Bootstrap\\HandleExceptions->handleError(2, 'Attempt to read...', '/home/infinitew...', 68)
#1 /home/infinitewellness/public_html/app.infinitewellnesspk.com/vendor/fahlisaputra/laravel-minify/src/Middleware/Minifier.php(68): Illuminate\\Foundation\\Bootstrap\\HandleExceptions->Illuminate\\Foundation\\Bootstrap\\{closure}(2, 'Attempt to read...', '/home/infinitew...', 68)
#2 /home/infinitewellness/public_html/app.infinitewellnesspk.com/vendor/fahlisaputra/laravel-minify/src/Middleware/Minifier.php(38): Fahlisaputra\\Minify\\Middleware\\Minifier->shouldProcessMinify(Object(Illuminate\\Http\\Request), NULL)
#3 /home/infinitewellness/public_html/app.infinitewellnesspk.com/vendor/laravel/framework/src/Illuminate/Pipeline/Pipeline.php(180): Fahlisaputra\\Minify\\Middleware\\Minifier->handle(Object(Illuminate\\Http\\Request), Object(Closure))
#4 /home/infinitewellness/public_html/app.infinitewellnesspk.com/vendor/fahlisaputra/laravel-minify/src/Middleware/Minifier.php(36): Illuminate\\Pipeline\\Pipeline->Illuminate\\Pipeline\\{closure}(Object(Illuminate\\Http\\Request))
#5 /home/infinitewellness/public_html/app.infinitewellnesspk.com/vendor/laravel/framework/src/Illuminate/Pipeline/Pipeline.php(180): Fahlisaputra\\Minify\\Middleware\\Minifier->handle(Object(Illuminate\\Http\\Request), Object(Closure))
#6 /home/infinitewellness/public_html/app.infinitewellnesspk.com/vendor/fahlisaputra/laravel-minify/src/Middleware/Minifier.php(36): Illuminate\\Pipeline\\Pipeline->Illuminate\\Pipeline\\{closure}(Object(Illuminate\\Http\\Request))
#7 /home/infinitewellness/public_html/app.infinitewellnesspk.com/vendor/laravel/framework/src/Illuminate/Pipeline/Pipeline.php(180): Fahlisaputra\\Minify\\Middleware\\Minifier->handle(Object(Illuminate\\Http\\Request), Object(Closure))
#8 /home/infinitewellness/public_html/app.infinitewellnesspk.com/vendor/laravel/framework/src/Illuminate/Foundation/Http/Middleware/TransformsRequest.php(21): Illuminate\\Pipeline\\Pipeline->Illuminate\\Pipeline\\{closure}(Object(Illuminate\\Http\\Request))
#9 /home/infinitewellness/public_html/app.infinitewellnesspk.com/vendor/laravel/framework/src/Illuminate/Foundation/Http/Middleware/ConvertEmptyStringsToNull.php(31): Illuminate\\Foundation\\Http\\Middleware\\TransformsRequest->handle(Object(Illuminate\\Http\\Request), Object(Closure))
#10 /home/infinitewellness/public_html/app.infinitewellnesspk.com/vendor/laravel/framework/src/Illuminate/Pipeline/Pipeline.php(180): Illuminate\\Foundation\\Http\\Middleware\\ConvertEmptyStringsToNull->handle(Object(Illuminate\\Http\\Request), Object(Closure))
#11 /home/infinitewellness/public_html/app.infinitewellnesspk.com/vendor/laravel/framework/src/Illuminate/Foundation/Http/Middleware/TransformsRequest.php(21): Illuminate\\Pipeline\\Pipeline->Illuminate\\Pipeline\\{closure}(Object(Illuminate\\Http\\Request))
#12 /home/infinitewellness/public_html/app.infinitewellnesspk.com/vendor/laravel/framework/src/Illuminate/Foundation/Http/Middleware/TrimStrings.php(40): Illuminate\\Foundation\\Http\\Middleware\\TransformsRequest->handle(Object(Illuminate\\Http\\Request), Object(Closure))
#13 /home/infinitewellness/public_html/app.infinitewellnesspk.com/vendor/laravel/framework/src/Illuminate/Pipeline/Pipeline.php(180): Illuminate\\Foundation\\Http\\Middleware\\TrimStrings->handle(Object(Illuminate\\Http\\Request), Object(Closure))
#14 /home/infinitewellness/public_html/app.infinitewellnesspk.com/vendor/laravel/framework/src/Illuminate/Foundation/Http/Middleware/ValidatePostSize.php(27): Illuminate\\Pipeline\\Pipeline->Illuminate\\Pipeline\\{closure}(Object(Illuminate\\Http\\Request))
#15 /home/infinitewellness/public_html/app.infinitewellnesspk.com/vendor/laravel/framework/src/Illuminate/Pipeline/Pipeline.php(180): Illuminate\\Foundation\\Http\\Middleware\\ValidatePostSize->handle(Object(Illuminate\\Http\\Request), Object(Closure))
#16 /home/infinitewellness/public_html/app.infinitewellnesspk.com/vendor/laravel/framework/src/Illuminate/Foundation/Http/Middleware/PreventRequestsDuringMaintenance.php(86): Illuminate\\Pipeline\\Pipeline->Illuminate\\Pipeline\\{closure}(Object(Illuminate\\Http\\Request))
#17 /home/infinitewellness/public_html/app.infinitewellnesspk.com/vendor/laravel/framework/src/Illuminate/Pipeline/Pipeline.php(180): Illuminate\\Foundation\\Http\\Middleware\\PreventRequestsDuringMaintenance->handle(Object(Illuminate\\Http\\Request), Object(Closure))
#18 /home/infinitewellness/public_html/app.infinitewellnesspk.com/vendor/laravel/framework/src/Illuminate/Http/Middleware/TrustProxies.php(39): Illuminate\\Pipeline\\Pipeline->Illuminate\\Pipeline\\{closure}(Object(Illuminate\\Http\\Request))
#19 /home/infinitewellness/public_html/app.infinitewellnesspk.com/vendor/laravel/framework/src/Illuminate/Pipeline/Pipeline.php(180): Illuminate\\Http\\Middleware\\TrustProxies->handle(Object(Illuminate\\Http\\Request), Object(Closure))
#20 /home/infinitewellness/public_html/app.infinitewellnesspk.com/vendor/laravel/framework/src/Illuminate/Pipeline/Pipeline.php(116): Illuminate\\Pipeline\\Pipeline->Illuminate\\Pipeline\\{closure}(Object(Illuminate\\Http\\Request))
#21 /home/infinitewellness/public_html/app.infinitewellnesspk.com/vendor/laravel/framework/src/Illuminate/Foundation/Http/Kernel.php(165): Illuminate\\Pipeline\\Pipeline->then(Object(Closure))
#22 /home/infinitewellness/public_html/app.infinitewellnesspk.com/vendor/laravel/framework/src/Illuminate/Foundation/Http/Kernel.php(134): Illuminate\\Foundation\\Http\\Kernel->sendRequestThroughRouter(Object(Illuminate\\Http\\Request))
#23 /home/infinitewellness/public_html/app.infinitewellnesspk.com/public/index.php(52): Illuminate\\Foundation\\Http\\Kernel->handle(Object(Illuminate\\Http\\Request))
#24 /home/infinitewellness/public_html/app.infinitewellnesspk.com/server.php(19): require_once('/home/infinitew...')
#25 {main}
"} 
[2024-01-25 06:50:29] local.ERROR: Attempt to read property "original" on null {"exception":"[object] (ErrorException(code: 0): Attempt to read property \"original\" on null at /home/infinitewellness/public_html/app.infinitewellnesspk.com/vendor/fahlisaputra/laravel-minify/src/Middleware/Minifier.php:68)
[stacktrace]
#0 /home/infinitewellness/public_html/app.infinitewellnesspk.com/vendor/laravel/framework/src/Illuminate/Foundation/Bootstrap/HandleExceptions.php(270): Illuminate\\Foundation\\Bootstrap\\HandleExceptions->handleError(2, 'Attempt to read...', '/home/infinitew...', 68)
#1 /home/infinitewellness/public_html/app.infinitewellnesspk.com/vendor/fahlisaputra/laravel-minify/src/Middleware/Minifier.php(68): Illuminate\\Foundation\\Bootstrap\\HandleExceptions->Illuminate\\Foundation\\Bootstrap\\{closure}(2, 'Attempt to read...', '/home/infinitew...', 68)
#2 /home/infinitewellness/public_html/app.infinitewellnesspk.com/vendor/fahlisaputra/laravel-minify/src/Middleware/Minifier.php(38): Fahlisaputra\\Minify\\Middleware\\Minifier->shouldProcessMinify(Object(Illuminate\\Http\\Request), NULL)
#3 /home/infinitewellness/public_html/app.infinitewellnesspk.com/vendor/laravel/framework/src/Illuminate/Pipeline/Pipeline.php(180): Fahlisaputra\\Minify\\Middleware\\Minifier->handle(Object(Illuminate\\Http\\Request), Object(Closure))
#4 /home/infinitewellness/public_html/app.infinitewellnesspk.com/vendor/fahlisaputra/laravel-minify/src/Middleware/Minifier.php(36): Illuminate\\Pipeline\\Pipeline->Illuminate\\Pipeline\\{closure}(Object(Illuminate\\Http\\Request))
#5 /home/infinitewellness/public_html/app.infinitewellnesspk.com/vendor/laravel/framework/src/Illuminate/Pipeline/Pipeline.php(180): Fahlisaputra\\Minify\\Middleware\\Minifier->handle(Object(Illuminate\\Http\\Request), Object(Closure))
#6 /home/infinitewellness/public_html/app.infinitewellnesspk.com/vendor/laravel/framework/src/Illuminate/Foundation/Http/Middleware/TransformsRequest.php(21): Illuminate\\Pipeline\\Pipeline->Illuminate\\Pipeline\\{closure}(Object(Illuminate\\Http\\Request))
#7 /home/infinitewellness/public_html/app.infinitewellnesspk.com/vendor/laravel/framework/src/Illuminate/Foundation/Http/Middleware/ConvertEmptyStringsToNull.php(31): Illuminate\\Foundation\\Http\\Middleware\\TransformsRequest->handle(Object(Illuminate\\Http\\Request), Object(Closure))
#8 /home/infinitewellness/public_html/app.infinitewellnesspk.com/vendor/laravel/framework/src/Illuminate/Pipeline/Pipeline.php(180): Illuminate\\Foundation\\Http\\Middleware\\ConvertEmptyStringsToNull->handle(Object(Illuminate\\Http\\Request), Object(Closure))
#9 /home/infinitewellness/public_html/app.infinitewellnesspk.com/vendor/laravel/framework/src/Illuminate/Foundation/Http/Middleware/TransformsRequest.php(21): Illuminate\\Pipeline\\Pipeline->Illuminate\\Pipeline\\{closure}(Object(Illuminate\\Http\\Request))
#10 /home/infinitewellness/public_html/app.infinitewellnesspk.com/vendor/laravel/framework/src/Illuminate/Foundation/Http/Middleware/TrimStrings.php(40): Illuminate\\Foundation\\Http\\Middleware\\TransformsRequest->handle(Object(Illuminate\\Http\\Request), Object(Closure))
#11 /home/infinitewellness/public_html/app.infinitewellnesspk.com/vendor/laravel/framework/src/Illuminate/Pipeline/Pipeline.php(180): Illuminate\\Foundation\\Http\\Middleware\\TrimStrings->handle(Object(Illuminate\\Http\\Request), Object(Closure))
#12 /home/infinitewellness/public_html/app.infinitewellnesspk.com/vendor/laravel/framework/src/Illuminate/Foundation/Http/Middleware/ValidatePostSize.php(27): Illuminate\\Pipeline\\Pipeline->Illuminate\\Pipeline\\{closure}(Object(Illuminate\\Http\\Request))
#13 /home/infinitewellness/public_html/app.infinitewellnesspk.com/vendor/laravel/framework/src/Illuminate/Pipeline/Pipeline.php(180): Illuminate\\Foundation\\Http\\Middleware\\ValidatePostSize->handle(Object(Illuminate\\Http\\Request), Object(Closure))
#14 /home/infinitewellness/public_html/app.infinitewellnesspk.com/vendor/laravel/framework/src/Illuminate/Foundation/Http/Middleware/PreventRequestsDuringMaintenance.php(86): Illuminate\\Pipeline\\Pipeline->Illuminate\\Pipeline\\{closure}(Object(Illuminate\\Http\\Request))
#15 /home/infinitewellness/public_html/app.infinitewellnesspk.com/vendor/laravel/framework/src/Illuminate/Pipeline/Pipeline.php(180): Illuminate\\Foundation\\Http\\Middleware\\PreventRequestsDuringMaintenance->handle(Object(Illuminate\\Http\\Request), Object(Closure))
#16 /home/infinitewellness/public_html/app.infinitewellnesspk.com/vendor/laravel/framework/src/Illuminate/Http/Middleware/TrustProxies.php(39): Illuminate\\Pipeline\\Pipeline->Illuminate\\Pipeline\\{closure}(Object(Illuminate\\Http\\Request))
#17 /home/infinitewellness/public_html/app.infinitewellnesspk.com/vendor/laravel/framework/src/Illuminate/Pipeline/Pipeline.php(180): Illuminate\\Http\\Middleware\\TrustProxies->handle(Object(Illuminate\\Http\\Request), Object(Closure))
#18 /home/infinitewellness/public_html/app.infinitewellnesspk.com/vendor/laravel/framework/src/Illuminate/Pipeline/Pipeline.php(116): Illuminate\\Pipeline\\Pipeline->Illuminate\\Pipeline\\{closure}(Object(Illuminate\\Http\\Request))
#19 /home/infinitewellness/public_html/app.infinitewellnesspk.com/vendor/laravel/framework/src/Illuminate/Foundation/Http/Kernel.php(165): Illuminate\\Pipeline\\Pipeline->then(Object(Closure))
#20 /home/infinitewellness/public_html/app.infinitewellnesspk.com/vendor/laravel/framework/src/Illuminate/Foundation/Http/Kernel.php(134): Illuminate\\Foundation\\Http\\Kernel->sendRequestThroughRouter(Object(Illuminate\\Http\\Request))
#21 /home/infinitewellness/public_html/app.infinitewellnesspk.com/public/index.php(52): Illuminate\\Foundation\\Http\\Kernel->handle(Object(Illuminate\\Http\\Request))
#22 /home/infinitewellness/public_html/app.infinitewellnesspk.com/server.php(19): require_once('/home/infinitew...')
#23 {main}
"} 
[2024-01-25 06:50:29] local.ERROR: Attempt to read property "original" on null {"exception":"[object] (ErrorException(code: 0): Attempt to read property \"original\" on null at /home/infinitewellness/public_html/app.infinitewellnesspk.com/vendor/fahlisaputra/laravel-minify/src/Middleware/Minifier.php:68)
[stacktrace]
#0 /home/infinitewellness/public_html/app.infinitewellnesspk.com/vendor/laravel/framework/src/Illuminate/Foundation/Bootstrap/HandleExceptions.php(270): Illuminate\\Foundation\\Bootstrap\\HandleExceptions->handleError(2, 'Attempt to read...', '/home/infinitew...', 68)
#1 /home/infinitewellness/public_html/app.infinitewellnesspk.com/vendor/fahlisaputra/laravel-minify/src/Middleware/Minifier.php(68): Illuminate\\Foundation\\Bootstrap\\HandleExceptions->Illuminate\\Foundation\\Bootstrap\\{closure}(2, 'Attempt to read...', '/home/infinitew...', 68)
#2 /home/infinitewellness/public_html/app.infinitewellnesspk.com/vendor/fahlisaputra/laravel-minify/src/Middleware/Minifier.php(38): Fahlisaputra\\Minify\\Middleware\\Minifier->shouldProcessMinify(Object(Illuminate\\Http\\Request), NULL)
#3 /home/infinitewellness/public_html/app.infinitewellnesspk.com/vendor/laravel/framework/src/Illuminate/Pipeline/Pipeline.php(180): Fahlisaputra\\Minify\\Middleware\\Minifier->handle(Object(Illuminate\\Http\\Request), Object(Closure))
#4 /home/infinitewellness/public_html/app.infinitewellnesspk.com/vendor/laravel/framework/src/Illuminate/Foundation/Http/Middleware/TransformsRequest.php(21): Illuminate\\Pipeline\\Pipeline->Illuminate\\Pipeline\\{closure}(Object(Illuminate\\Http\\Request))
#5 /home/infinitewellness/public_html/app.infinitewellnesspk.com/vendor/laravel/framework/src/Illuminate/Foundation/Http/Middleware/ConvertEmptyStringsToNull.php(31): Illuminate\\Foundation\\Http\\Middleware\\TransformsRequest->handle(Object(Illuminate\\Http\\Request), Object(Closure))
#6 /home/infinitewellness/public_html/app.infinitewellnesspk.com/vendor/laravel/framework/src/Illuminate/Pipeline/Pipeline.php(180): Illuminate\\Foundation\\Http\\Middleware\\ConvertEmptyStringsToNull->handle(Object(Illuminate\\Http\\Request), Object(Closure))
#7 /home/infinitewellness/public_html/app.infinitewellnesspk.com/vendor/laravel/framework/src/Illuminate/Foundation/Http/Middleware/TransformsRequest.php(21): Illuminate\\Pipeline\\Pipeline->Illuminate\\Pipeline\\{closure}(Object(Illuminate\\Http\\Request))
#8 /home/infinitewellness/public_html/app.infinitewellnesspk.com/vendor/laravel/framework/src/Illuminate/Foundation/Http/Middleware/TrimStrings.php(40): Illuminate\\Foundation\\Http\\Middleware\\TransformsRequest->handle(Object(Illuminate\\Http\\Request), Object(Closure))
#9 /home/infinitewellness/public_html/app.infinitewellnesspk.com/vendor/laravel/framework/src/Illuminate/Pipeline/Pipeline.php(180): Illuminate\\Foundation\\Http\\Middleware\\TrimStrings->handle(Object(Illuminate\\Http\\Request), Object(Closure))
#10 /home/infinitewellness/public_html/app.infinitewellnesspk.com/vendor/laravel/framework/src/Illuminate/Foundation/Http/Middleware/ValidatePostSize.php(27): Illuminate\\Pipeline\\Pipeline->Illuminate\\Pipeline\\{closure}(Object(Illuminate\\Http\\Request))
#11 /home/infinitewellness/public_html/app.infinitewellnesspk.com/vendor/laravel/framework/src/Illuminate/Pipeline/Pipeline.php(180): Illuminate\\Foundation\\Http\\Middleware\\ValidatePostSize->handle(Object(Illuminate\\Http\\Request), Object(Closure))
#12 /home/infinitewellness/public_html/app.infinitewellnesspk.com/vendor/laravel/framework/src/Illuminate/Foundation/Http/Middleware/PreventRequestsDuringMaintenance.php(86): Illuminate\\Pipeline\\Pipeline->Illuminate\\Pipeline\\{closure}(Object(Illuminate\\Http\\Request))
#13 /home/infinitewellness/public_html/app.infinitewellnesspk.com/vendor/laravel/framework/src/Illuminate/Pipeline/Pipeline.php(180): Illuminate\\Foundation\\Http\\Middleware\\PreventRequestsDuringMaintenance->handle(Object(Illuminate\\Http\\Request), Object(Closure))
#14 /home/infinitewellness/public_html/app.infinitewellnesspk.com/vendor/laravel/framework/src/Illuminate/Http/Middleware/TrustProxies.php(39): Illuminate\\Pipeline\\Pipeline->Illuminate\\Pipeline\\{closure}(Object(Illuminate\\Http\\Request))
#15 /home/infinitewellness/public_html/app.infinitewellnesspk.com/vendor/laravel/framework/src/Illuminate/Pipeline/Pipeline.php(180): Illuminate\\Http\\Middleware\\TrustProxies->handle(Object(Illuminate\\Http\\Request), Object(Closure))
#16 /home/infinitewellness/public_html/app.infinitewellnesspk.com/vendor/laravel/framework/src/Illuminate/Pipeline/Pipeline.php(116): Illuminate\\Pipeline\\Pipeline->Illuminate\\Pipeline\\{closure}(Object(Illuminate\\Http\\Request))
#17 /home/infinitewellness/public_html/app.infinitewellnesspk.com/vendor/laravel/framework/src/Illuminate/Foundation/Http/Kernel.php(165): Illuminate\\Pipeline\\Pipeline->then(Object(Closure))
#18 /home/infinitewellness/public_html/app.infinitewellnesspk.com/vendor/laravel/framework/src/Illuminate/Foundation/Http/Kernel.php(134): Illuminate\\Foundation\\Http\\Kernel->sendRequestThroughRouter(Object(Illuminate\\Http\\Request))
#19 /home/infinitewellness/public_html/app.infinitewellnesspk.com/public/index.php(52): Illuminate\\Foundation\\Http\\Kernel->handle(Object(Illuminate\\Http\\Request))
#20 /home/infinitewellness/public_html/app.infinitewellnesspk.com/server.php(19): require_once('/home/infinitew...')
#21 {main}
"} 
[2024-01-25 06:50:29] local.ERROR: Call to a member function send() on null {"exception":"[object] (Error(code: 0): Call to a member function send() on null at /home/infinitewellness/public_html/app.infinitewellnesspk.com/public/index.php:53)
[stacktrace]
#0 /home/infinitewellness/public_html/app.infinitewellnesspk.com/server.php(19): require_once()
#1 {main}
"} 
[2024-01-25 06:50:29] local.ERROR: Uncaught Error: Call to a member function send() on null in /home/infinitewellness/public_html/app.infinitewellnesspk.com/vendor/laravel/framework/src/Illuminate/Foundation/Bootstrap/HandleExceptions.php:233
Stack trace:
#0 /home/infinitewellness/public_html/app.infinitewellnesspk.com/vendor/laravel/framework/src/Illuminate/Foundation/Bootstrap/HandleExceptions.php(210): Illuminate\Foundation\Bootstrap\HandleExceptions->renderHttpResponse(Object(Error))
#1 /home/infinitewellness/public_html/app.infinitewellnesspk.com/vendor/laravel/framework/src/Illuminate/Foundation/Bootstrap/HandleExceptions.php(270): Illuminate\Foundation\Bootstrap\HandleExceptions->handleException(Object(Error))
#2 [internal function]: Illuminate\Foundation\Bootstrap\HandleExceptions->Illuminate\Foundation\Bootstrap\{closure}(Object(Error))
#3 {main}
  thrown {"exception":"[object] (Symfony\\Component\\ErrorHandler\\Error\\FatalError(code: 0): Uncaught Error: Call to a member function send() on null in /home/infinitewellness/public_html/app.infinitewellnesspk.com/vendor/laravel/framework/src/Illuminate/Foundation/Bootstrap/HandleExceptions.php:233
Stack trace:
#0 /home/infinitewellness/public_html/app.infinitewellnesspk.com/vendor/laravel/framework/src/Illuminate/Foundation/Bootstrap/HandleExceptions.php(210): Illuminate\\Foundation\\Bootstrap\\HandleExceptions->renderHttpResponse(Object(Error))
#1 /home/infinitewellness/public_html/app.infinitewellnesspk.com/vendor/laravel/framework/src/Illuminate/Foundation/Bootstrap/HandleExceptions.php(270): Illuminate\\Foundation\\Bootstrap\\HandleExceptions->handleException(Object(Error))
#2 [internal function]: Illuminate\\Foundation\\Bootstrap\\HandleExceptions->Illuminate\\Foundation\\Bootstrap\\{closure}(Object(Error))
#3 {main}
  thrown at /home/infinitewellness/public_html/app.infinitewellnesspk.com/vendor/laravel/framework/src/Illuminate/Foundation/Bootstrap/HandleExceptions.php:233)
[stacktrace]
#0 {main}
"} 
